This is pdfTeX, Version 3.14159265-2.6-1.40.15 (TeX Live 2014) (preloaded format=pdflatex 2014.5.25)  1 APR 2016 19:56
entering extended mode
 restricted \write18 enabled.
 %&-line parsing enabled.
**classtpx-vignette.tex
(./classtpx-vignette.tex
LaTeX2e <2014/05/01>
Babel <3.9k> and hyphenation patterns for 78 languages loaded.
(/usr/local/texlive/2014/texmf-dist/tex/latex/base/article.cls
Document Class: article 2007/10/19 v1.4h Standard LaTeX document class
(/usr/local/texlive/2014/texmf-dist/tex/latex/base/size12.clo
File: size12.clo 2007/10/19 v1.4h Standard LaTeX file (size option)
)
\c@part=\count79
\c@section=\count80
\c@subsection=\count81
\c@subsubsection=\count82
\c@paragraph=\count83
\c@subparagraph=\count84
\c@figure=\count85
\c@table=\count86
\abovecaptionskip=\skip41
\belowcaptionskip=\skip42
\bibindent=\dimen102
)
(/usr/local/texlive/2014/texmf-dist/tex/latex/graphics/graphicx.sty
Package: graphicx 2014/04/25 v1.0g Enhanced LaTeX Graphics (DPC,SPQR)

(/usr/local/texlive/2014/texmf-dist/tex/latex/graphics/keyval.sty
Package: keyval 2014/05/08 v1.15 key=value parser (DPC)
\KV@toks@=\toks14
)
(/usr/local/texlive/2014/texmf-dist/tex/latex/graphics/graphics.sty
Package: graphics 2009/02/05 v1.0o Standard LaTeX Graphics (DPC,SPQR)

(/usr/local/texlive/2014/texmf-dist/tex/latex/graphics/trig.sty
Package: trig 1999/03/16 v1.09 sin cos tan (DPC)
)
(/usr/local/texlive/2014/texmf-dist/tex/latex/latexconfig/graphics.cfg
File: graphics.cfg 2010/04/23 v1.9 graphics configuration of TeX Live
)
Package graphics Info: Driver file: pdftex.def on input line 91.

(/usr/local/texlive/2014/texmf-dist/tex/latex/pdftex-def/pdftex.def
File: pdftex.def 2011/05/27 v0.06d Graphics/color for pdfTeX

(/usr/local/texlive/2014/texmf-dist/tex/generic/oberdiek/infwarerr.sty
Package: infwarerr 2010/04/08 v1.3 Providing info/warning/error messages (HO)
)
(/usr/local/texlive/2014/texmf-dist/tex/generic/oberdiek/ltxcmds.sty
Package: ltxcmds 2011/11/09 v1.22 LaTeX kernel commands for general use (HO)
)
\Gread@gobject=\count87
))
\Gin@req@height=\dimen103
\Gin@req@width=\dimen104
)
(/usr/local/texlive/2014/texmf-dist/tex/latex/graphics/color.sty
Package: color 2014/04/23 v1.1a Standard LaTeX Color (DPC)

(/usr/local/texlive/2014/texmf-dist/tex/latex/latexconfig/color.cfg
File: color.cfg 2007/01/18 v1.5 color configuration of teTeX/TeXLive
)
Package color Info: Driver file: pdftex.def on input line 137.

(/usr/local/texlive/2014/texmf-dist/tex/latex/graphics/dvipsnam.def
File: dvipsnam.def 2014/04/23 v3.0j Driver-dependant file (DPC,SPQR)
))
(/usr/local/texlive/2014/texmf-dist/tex/latex/framed/framed.sty
Package: framed 2011/10/22 v 0.96: framed or shaded text with page breaks
\OuterFrameSep=\skip43
\fb@frw=\dimen105
\fb@frh=\dimen106
\FrameRule=\dimen107
\FrameSep=\dimen108
)
(/usr/local/texlive/2014/texmf-dist/tex/latex/base/alltt.sty
Package: alltt 1997/06/16 v2.0g defines alltt environment
)
(/usr/local/texlive/2014/texmf-dist/tex/latex/doublestroke/dsfont.sty
Package: dsfont 1995/08/01 v0.1 Double stroke roman fonts
)
(/usr/local/texlive/2014/texmf-dist/tex/latex/cite/cite.sty
LaTeX Info: Redefining \cite on input line 302.
LaTeX Info: Redefining \nocite on input line 373.
Package: cite 2010/09/10  v 5.3
)
(/usr/local/texlive/2014/texmf-dist/tex/latex/amsmath/amsmath.sty
Package: amsmath 2013/01/14 v2.14 AMS math features
\@mathmargin=\skip44

For additional information on amsmath, use the `?' option.
(/usr/local/texlive/2014/texmf-dist/tex/latex/amsmath/amstext.sty
Package: amstext 2000/06/29 v2.01

(/usr/local/texlive/2014/texmf-dist/tex/latex/amsmath/amsgen.sty
File: amsgen.sty 1999/11/30 v2.0
\@emptytoks=\toks15
\ex@=\dimen109
))
(/usr/local/texlive/2014/texmf-dist/tex/latex/amsmath/amsbsy.sty
Package: amsbsy 1999/11/29 v1.2d
\pmbraise@=\dimen110
)
(/usr/local/texlive/2014/texmf-dist/tex/latex/amsmath/amsopn.sty
Package: amsopn 1999/12/14 v2.01 operator names
)
\inf@bad=\count88
LaTeX Info: Redefining \frac on input line 210.
\uproot@=\count89
\leftroot@=\count90
LaTeX Info: Redefining \overline on input line 306.
\classnum@=\count91
\DOTSCASE@=\count92
LaTeX Info: Redefining \ldots on input line 378.
LaTeX Info: Redefining \dots on input line 381.
LaTeX Info: Redefining \cdots on input line 466.
\Mathstrutbox@=\box26
\strutbox@=\box27
\big@size=\dimen111
LaTeX Font Info:    Redeclaring font encoding OML on input line 566.
LaTeX Font Info:    Redeclaring font encoding OMS on input line 567.
\macc@depth=\count93
\c@MaxMatrixCols=\count94
\dotsspace@=\muskip10
\c@parentequation=\count95
\dspbrk@lvl=\count96
\tag@help=\toks16
\row@=\count97
\column@=\count98
\maxfields@=\count99
\andhelp@=\toks17
\eqnshift@=\dimen112
\alignsep@=\dimen113
\tagshift@=\dimen114
\tagwidth@=\dimen115
\totwidth@=\dimen116
\lineht@=\dimen117
\@envbody=\toks18
\multlinegap=\skip45
\multlinetaggap=\skip46
\mathdisplay@stack=\toks19
LaTeX Info: Redefining \[ on input line 2665.
LaTeX Info: Redefining \] on input line 2666.
)
(/Library/Frameworks/R.framework/Versions/3.2/Resources/library/BiocStyle/resou
rces/tex/Bioconductor.sty

LaTeX Warning: You have requested package `/Library/Frameworks/R.framework/Vers
ions/3.2/Resources/library/BiocStyle/resources/tex/Bioconductor',
               but the package provides `Bioconductor'.

Package: Bioconductor 2013/07/01 Bioconductor vignette style
(/usr/local/texlive/2014/texmf-dist/tex/latex/hyperref/hyperref.sty
Package: hyperref 2012/11/06 v6.83m Hypertext links for LaTeX

(/usr/local/texlive/2014/texmf-dist/tex/generic/oberdiek/hobsub-hyperref.sty
Package: hobsub-hyperref 2012/05/28 v1.13 Bundle oberdiek, subset hyperref (HO)


(/usr/local/texlive/2014/texmf-dist/tex/generic/oberdiek/hobsub-generic.sty
Package: hobsub-generic 2012/05/28 v1.13 Bundle oberdiek, subset generic (HO)
Package: hobsub 2012/05/28 v1.13 Construct package bundles (HO)
Package hobsub Info: Skipping package `infwarerr' (already loaded).
Package hobsub Info: Skipping package `ltxcmds' (already loaded).
Package: ifluatex 2010/03/01 v1.3 Provides the ifluatex switch (HO)
Package ifluatex Info: LuaTeX not detected.
Package: ifvtex 2010/03/01 v1.5 Detect VTeX and its facilities (HO)
Package ifvtex Info: VTeX not detected.
Package: intcalc 2007/09/27 v1.1 Expandable calculations with integers (HO)
Package: ifpdf 2011/01/30 v2.3 Provides the ifpdf switch (HO)
Package ifpdf Info: pdfTeX in PDF mode is detected.
Package: etexcmds 2011/02/16 v1.5 Avoid name clashes with e-TeX commands (HO)
Package etexcmds Info: Could not find \expanded.
(etexcmds)             That can mean that you are not using pdfTeX 1.50 or
(etexcmds)             that some package has redefined \expanded.
(etexcmds)             In the latter case, load this package earlier.
Package: kvsetkeys 2012/04/25 v1.16 Key value parser (HO)
Package: kvdefinekeys 2011/04/07 v1.3 Define keys (HO)
Package: pdftexcmds 2011/11/29 v0.20 Utility functions of pdfTeX for LuaTeX (HO
)
Package pdftexcmds Info: LuaTeX not detected.
Package pdftexcmds Info: \pdf@primitive is available.
Package pdftexcmds Info: \pdf@ifprimitive is available.
Package pdftexcmds Info: \pdfdraftmode found.
Package: pdfescape 2011/11/25 v1.13 Implements pdfTeX's escape features (HO)
Package: bigintcalc 2012/04/08 v1.3 Expandable calculations on big integers (HO
)
Package: bitset 2011/01/30 v1.1 Handle bit-vector datatype (HO)
Package: uniquecounter 2011/01/30 v1.2 Provide unlimited unique counter (HO)
)
Package hobsub Info: Skipping package `hobsub' (already loaded).
Package: letltxmacro 2010/09/02 v1.4 Let assignment for LaTeX macros (HO)
Package: hopatch 2012/05/28 v1.2 Wrapper for package hooks (HO)
Package: xcolor-patch 2011/01/30 xcolor patch
Package: atveryend 2011/06/30 v1.8 Hooks at the very end of document (HO)
Package atveryend Info: \enddocument detected (standard20110627).
Package: atbegshi 2011/10/05 v1.16 At begin shipout hook (HO)
Package: refcount 2011/10/16 v3.4 Data extraction from label references (HO)
Package: hycolor 2011/01/30 v1.7 Color options for hyperref/bookmark (HO)
)
(/usr/local/texlive/2014/texmf-dist/tex/generic/ifxetex/ifxetex.sty
Package: ifxetex 2010/09/12 v0.6 Provides ifxetex conditional
)
(/usr/local/texlive/2014/texmf-dist/tex/latex/oberdiek/auxhook.sty
Package: auxhook 2011/03/04 v1.3 Hooks for auxiliary files (HO)
)
(/usr/local/texlive/2014/texmf-dist/tex/latex/oberdiek/kvoptions.sty
Package: kvoptions 2011/06/30 v3.11 Key value format for package options (HO)
)
\@linkdim=\dimen118
\Hy@linkcounter=\count100
\Hy@pagecounter=\count101

(/usr/local/texlive/2014/texmf-dist/tex/latex/hyperref/pd1enc.def
File: pd1enc.def 2012/11/06 v6.83m Hyperref: PDFDocEncoding definition (HO)
)
\Hy@SavedSpaceFactor=\count102

(/usr/local/texlive/2014/texmf-dist/tex/latex/latexconfig/hyperref.cfg
File: hyperref.cfg 2002/06/06 v1.2 hyperref configuration of TeXLive
)
Package hyperref Info: Option `pdfpagelabels' set `true' on input line 4319.
Package hyperref Info: Option `plainpages' set `false' on input line 4319.
Package hyperref Info: Option `bookmarks' set `true' on input line 4319.
Package hyperref Info: Option `bookmarksopen' set `true' on input line 4319.
Package hyperref Info: Option `bookmarksnumbered' set `true' on input line 4319
.
Package hyperref Info: Option `colorlinks' set `true' on input line 4319.
Package hyperref Info: Option `breaklinks' set `true' on input line 4319.
Package hyperref Info: Option `raiselinks' set `true' on input line 4319.
Package hyperref Info: Option `pdfusetitle' set `true' on input line 4319.
Package hyperref Info: Hyper figures OFF on input line 4443.
Package hyperref Info: Link nesting OFF on input line 4448.
Package hyperref Info: Hyper index ON on input line 4451.
Package hyperref Info: Plain pages OFF on input line 4458.
Package hyperref Info: Backreferencing OFF on input line 4463.
Package hyperref Info: Implicit mode ON; LaTeX internals redefined.
Package hyperref Info: Bookmarks ON on input line 4688.
\c@Hy@tempcnt=\count103

(/usr/local/texlive/2014/texmf-dist/tex/latex/url/url.sty
\Urlmuskip=\muskip11
Package: url 2013/09/16  ver 3.4  Verb mode for urls, etc.
)
LaTeX Info: Redefining \url on input line 5041.
\XeTeXLinkMargin=\dimen119
\Fld@menulength=\count104
\Field@Width=\dimen120
\Fld@charsize=\dimen121
Package hyperref Info: Hyper figures OFF on input line 6295.
Package hyperref Info: Link nesting OFF on input line 6300.
Package hyperref Info: Hyper index ON on input line 6303.
Package hyperref Info: backreferencing OFF on input line 6310.
Package hyperref Info: Link coloring ON on input line 6313.
Package hyperref Info: Link coloring with OCG OFF on input line 6320.
Package hyperref Info: PDF/A mode OFF on input line 6325.
LaTeX Info: Redefining \ref on input line 6365.
LaTeX Info: Redefining \pageref on input line 6369.
\Hy@abspage=\count105
\c@Item=\count106
\c@Hfootnote=\count107
)

Package hyperref Message: Driver: hpdftex.

(/usr/local/texlive/2014/texmf-dist/tex/latex/hyperref/hpdftex.def
File: hpdftex.def 2012/11/06 v6.83m Hyperref driver for pdfTeX
\Fld@listcount=\count108
\c@bookmark@seq@number=\count109

(/usr/local/texlive/2014/texmf-dist/tex/latex/oberdiek/rerunfilecheck.sty
Package: rerunfilecheck 2011/04/15 v1.7 Rerun checks for auxiliary files (HO)
Package uniquecounter Info: New unique counter `rerunfilecheck' on input line 2
82.
)
\Hy@SectionHShift=\skip47
)
(/usr/local/texlive/2014/texmf-dist/tex/latex/geometry/geometry.sty
Package: geometry 2010/09/12 v5.6 Page Geometry
\Gm@cnth=\count110
\Gm@cntv=\count111
\c@Gm@tempcnt=\count112
\Gm@bindingoffset=\dimen122
\Gm@wd@mp=\dimen123
\Gm@odd@mp=\dimen124
\Gm@even@mp=\dimen125
\Gm@layoutwidth=\dimen126
\Gm@layoutheight=\dimen127
\Gm@layouthoffset=\dimen128
\Gm@layoutvoffset=\dimen129
\Gm@dimlist=\toks20
)
(/usr/local/texlive/2014/texmf-dist/tex/latex/sectsty/sectsty.sty
Package: sectsty 2002/02/25 v2.0.2 Commands to change all sectional heading sty
les
)
(/usr/local/texlive/2014/texmf-dist/tex/latex/fancyhdr/fancyhdr.sty
\fancy@headwidth=\skip48
\f@ncyO@elh=\skip49
\f@ncyO@erh=\skip50
\f@ncyO@olh=\skip51
\f@ncyO@orh=\skip52
\f@ncyO@elf=\skip53
\f@ncyO@erf=\skip54
\f@ncyO@olf=\skip55
\f@ncyO@orf=\skip56
)

Package Fancyhdr Warning: \fancyhead's `E' option without twoside option is use
less on input line 51.


Package Fancyhdr Warning: \fancyhead's `E' option without twoside option is use
less on input line 52.

(/usr/local/texlive/2014/texmf-dist/tex/latex/enumitem/enumitem.sty
Package: enumitem 2011/09/28 v3.5.2 Customized lists
\labelindent=\skip57
\enit@outerparindent=\dimen130
\enit@toks=\toks21
\enit@inbox=\box28
\enitdp@description=\count113
)
(/usr/local/texlive/2014/texmf-dist/tex/latex/parskip/parskip.sty
Package: parskip 2001/04/09 non-zero parskip adjustments
))
(/usr/local/texlive/2014/texmf-dist/tex/latex/upquote/upquote.sty
Package: upquote 2012/04/19 v1.3 upright-quote and grave-accent glyphs in verba
tim
)
(./classtpx-vignette.aux)
\openout1 = `classtpx-vignette.aux'.

LaTeX Font Info:    Checking defaults for OML/cmm/m/it on input line 80.
LaTeX Font Info:    ... okay on input line 80.
LaTeX Font Info:    Checking defaults for T1/cmr/m/n on input line 80.
LaTeX Font Info:    ... okay on input line 80.
LaTeX Font Info:    Checking defaults for OT1/cmr/m/n on input line 80.
LaTeX Font Info:    ... okay on input line 80.
LaTeX Font Info:    Checking defaults for OMS/cmsy/m/n on input line 80.
LaTeX Font Info:    ... okay on input line 80.
LaTeX Font Info:    Checking defaults for OMX/cmex/m/n on input line 80.
LaTeX Font Info:    ... okay on input line 80.
LaTeX Font Info:    Checking defaults for U/cmr/m/n on input line 80.
LaTeX Font Info:    ... okay on input line 80.
LaTeX Font Info:    Checking defaults for PD1/pdf/m/n on input line 80.
LaTeX Font Info:    ... okay on input line 80.

(/usr/local/texlive/2014/texmf-dist/tex/context/base/supp-pdf.mkii
[Loading MPS to PDF converter (version 2006.09.02).]
\scratchcounter=\count114
\scratchdimen=\dimen131
\scratchbox=\box29
\nofMPsegments=\count115
\nofMParguments=\count116
\everyMPshowfont=\toks22
\MPscratchCnt=\count117
\MPscratchDim=\dimen132
\MPnumerator=\count118
\makeMPintoPDFobject=\count119
\everyMPtoPDFconversion=\toks23
) (/usr/local/texlive/2014/texmf-dist/tex/latex/oberdiek/epstopdf-base.sty
Package: epstopdf-base 2010/02/09 v2.5 Base part for package epstopdf

(/usr/local/texlive/2014/texmf-dist/tex/latex/oberdiek/grfext.sty
Package: grfext 2010/08/19 v1.1 Manage graphics extensions (HO)
)
Package grfext Info: Graphics extension search list:
(grfext)             [.png,.pdf,.jpg,.mps,.jpeg,.jbig2,.jb2,.PNG,.PDF,.JPG,.JPE
G,.JBIG2,.JB2,.eps]
(grfext)             \AppendGraphicsExtensions on input line 452.

(/usr/local/texlive/2014/texmf-dist/tex/latex/latexconfig/epstopdf-sys.cfg
File: epstopdf-sys.cfg 2010/07/13 v1.3 Configuration of (r)epstopdf for TeX Liv
e
))
\AtBeginShipoutBox=\box30
Package hyperref Info: Link coloring ON on input line 80.

(/usr/local/texlive/2014/texmf-dist/tex/latex/hyperref/nameref.sty
Package: nameref 2012/10/27 v2.43 Cross-referencing by name of section

(/usr/local/texlive/2014/texmf-dist/tex/generic/oberdiek/gettitlestring.sty
Package: gettitlestring 2010/12/03 v1.4 Cleanup title references (HO)
)
\c@section@level=\count120
)
LaTeX Info: Redefining \ref on input line 80.
LaTeX Info: Redefining \pageref on input line 80.
LaTeX Info: Redefining \nameref on input line 80.

(./classtpx-vignette.out) (./classtpx-vignette.out)
\@outlinefile=\write3
\openout3 = `classtpx-vignette.out'.


*geometry* driver: auto-detecting
*geometry* detected driver: pdftex
*geometry* verbose mode - [ preamble ] result:
* driver: pdftex
* paper: <default>
* layout: <same size as paper>
* layoutoffset:(h,v)=(0.0pt,0.0pt)
* modes: 
* h-part:(L,W,R)=(56.9055pt, 500.484pt, 56.9055pt)
* v-part:(T,H,B)=(71.13188pt, 652.70622pt, 71.13188pt)
* \paperwidth=614.295pt
* \paperheight=794.96999pt
* \textwidth=500.484pt
* \textheight=652.70622pt
* \oddsidemargin=-15.36449pt
* \evensidemargin=-15.36449pt
* \topmargin=-38.1381pt
* \headheight=12.0pt
* \headsep=25.0pt
* \topskip=12.0pt
* \footskip=30.0pt
* \marginparwidth=44.0pt
* \marginparsep=10.0pt
* \columnsep=10.0pt
* \skip\footins=10.8pt plus 4.0pt minus 2.0pt
* \hoffset=0.0pt
* \voffset=0.0pt
* \mag=1000
* \@twocolumnfalse
* \@twosidefalse
* \@mparswitchfalse
* \@reversemarginfalse
* (1in=72.27pt=25.4mm, 1cm=28.453pt)


LaTeX Font Warning: Font shape `OT1/cmss/m/it' in size <20.74> not available
(Font)              Font shape `OT1/cmss/m/sl' tried instead on input line 83.


LaTeX Font Warning: Font shape `OT1/cmss/m/it' in size <10.95> not available
(Font)              Font shape `OT1/cmss/m/sl' tried instead on input line 83.


Package hyperref Warning: Token not allowed in a PDF string (PDFDocEncoding):
(hyperref)                removing `math shift' on input line 86.


Package hyperref Warning: Token not allowed in a PDF string (PDFDocEncoding):
(hyperref)                removing `superscript' on input line 86.


Package hyperref Warning: Token not allowed in a PDF string (PDFDocEncoding):
(hyperref)                removing `math shift' on input line 86.

[1

{/usr/local/texlive/2014/texmf-var/fonts/map/pdftex/updmap/pdftex.map}]
(./classtpx-vignette.toc)
\tf@toc=\write4
\openout4 = `classtpx-vignette.toc'.



LaTeX Font Warning: Font shape `OT1/cmss/m/it' in size <12> not available
(Font)              Font shape `OT1/cmss/m/sl' tried instead on input line 96.

Package color Info: Redefining color shadecolor on input line 99.
Package color Info: Redefining color shadecolor on input line 110.
[2]
LaTeX Font Info:    Font shape `OT1/cmtt/bx/n' in size <12> not available
(Font)              Font shape `OT1/cmtt/m/n' tried instead on input line 112.
Package color Info: Redefining color shadecolor on input line 120.
Package color Info: Redefining color shadecolor on input line 137.
Package color Info: Redefining color shadecolor on input line 145.
 [3]
LaTeX Font Info:    Try loading font information for OMS+cmss on input line 198
.
LaTeX Font Info:    No file OMScmss.fd. on input line 198.


LaTeX Font Warning: Font shape `OMS/cmss/m/n' undefined
(Font)              using `OMS/cmsy/m/n' instead
(Font)              for symbol `textbullet' on input line 198.

[4]
Package color Info: Redefining color shadecolor on input line 255.
 [5]
Package color Info: Redefining color shadecolor on input line 272.
Package color Info: Redefining color shadecolor on input line 290.

Overfull \vbox (2.04366pt too high) detected at line 316
 []

[6] <figure/structure_leng_1-1.png, id=121, 433.62pt x 722.7pt>
File: figure/structure_leng_1-1.png Graphic file (type png)

<use figure/structure_leng_1-1.png>
Package pdftex.def Info: figure/structure_leng_1-1.png used on input line 317.
(pdftex.def)             Requested size: 216.80946pt x 361.3491pt.
Package color Info: Redefining color shadecolor on input line 324.
Package color Info: Redefining color shadecolor on input line 343.
 [7 <./figure/structure_leng_1-1.png>]
<figure/structure_leng_2-1.png, id=129, 433.62pt x 722.7pt>
File: figure/structure_leng_2-1.png Graphic file (type png)

<use figure/structure_leng_2-1.png>
Package pdftex.def Info: figure/structure_leng_2-1.png used on input line 370.
(pdftex.def)             Requested size: 216.80946pt x 361.3491pt.
 [8]
Package color Info: Redefining color shadecolor on input line 377.
Package color Info: Redefining color shadecolor on input line 396.

Underfull \vbox (badness 2088) detected at line 422
 []

[9 <./figure/structure_leng_2-1.png>]
<figure/structure_leng_3-1.png, id=139, 433.62pt x 722.7pt>
File: figure/structure_leng_3-1.png Graphic file (type png)

<use figure/structure_leng_3-1.png>
Package pdftex.def Info: figure/structure_leng_3-1.png used on input line 423.
(pdftex.def)             Requested size: 216.80946pt x 361.3491pt.
 [10 <./figure/structure_leng_3-1.png>]
Package color Info: Redefining color shadecolor on input line 432.

Overfull \hbox (18.21626pt too wide) in paragraph at lines 434--434
[][]\OT1/cmtt/m/n/12 devtools[][]::[][]install_github[][]([][]"jhsiao999/single
CellRNASeqMouseTreutleinLung"[][],[] []force[][]=[][]TRUE[][])[][] 
 []

Package color Info: Redefining color shadecolor on input line 440.
Package color Info: Redefining color shadecolor on input line 461.
Package color Info: Redefining color shadecolor on input line 470.
[11] <figure/structure_treutlin_maptpx-1.png, id=149, 433.62pt x 722.7pt>
File: figure/structure_treutlin_maptpx-1.png Graphic file (type png)

<use figure/structure_treutlin_maptpx-1.png>
Package pdftex.def Info: figure/structure_treutlin_maptpx-1.png used on input l
ine 500.
(pdftex.def)             Requested size: 216.80946pt x 361.3491pt.
Package color Info: Redefining color shadecolor on input line 509.
Package color Info: Redefining color shadecolor on input line 520.
 [12 <./figure/structure_treutlin_maptpx-1.png>]
Package color Info: Redefining color shadecolor on input line 537.

Overfull \hbox (12.04126pt too wide) in paragraph at lines 539--539
[][]\OT1/cmtt/m/n/12 Topic_clus[] []<-[] []get[][]([][]load[][]([][]file[][]=[]
[]"../data/treutlin_topic_fit_2_classtpx_omega_fix.rda"[][]))[][] 
 []


<figure/structure_treutlin_classtpx_omega_fix-1.png, id=155, 433.62pt x 722.7pt
>
File: figure/structure_treutlin_classtpx_omega_fix-1.png Graphic file (type png
)
 <use figure/structure_treutlin_classtpx_omega_fix-1.png>
Package pdftex.def Info: figure/structure_treutlin_classtpx_omega_fix-1.png use
d on input line 567.
(pdftex.def)             Requested size: 216.80946pt x 361.3491pt.
 [13]
Package color Info: Redefining color shadecolor on input line 574.
Package color Info: Redefining color shadecolor on input line 591.

Overfull \hbox (12.04126pt too wide) in paragraph at lines 593--593
[][]\OT1/cmtt/m/n/12 Topic_clus[] []<-[] []get[][]([][]load[][]([][]file[][]=[]
[]"../data/treutlin_topic_fit_2_classtpx_theta_fix.rda"[][]))[][] 
 []

[14 <./figure/structure_treutlin_classtpx_omega_fix-1.png>]
<figure/structure_treutlin_classtpx_theta_fix_2-1.png, id=167, 433.62pt x 722.7
pt>
File: figure/structure_treutlin_classtpx_theta_fix_2-1.png Graphic file (type p
ng)
 <use figure/structure_treutlin_classtpx_theta_fix_2-1.png>
Package pdftex.def Info: figure/structure_treutlin_classtpx_theta_fix_2-1.png u
sed on input line 621.
(pdftex.def)             Requested size: 216.80946pt x 361.3491pt.
Package color Info: Redefining color shadecolor on input line 626.
 [15 <./figure/structure_treutlin_classtpx_theta_fix_2-1.png>]
Package color Info: Redefining color shadecolor on input line 643.

Overfull \hbox (12.04126pt too wide) in paragraph at lines 645--645
[][]\OT1/cmtt/m/n/12 Topic_clus[] []<-[] []get[][]([][]load[][]([][]file[][]=[]
[]"../data/treutlin_topic_fit_3_classtpx_theta_fix.rda"[][]))[][] 
 []


<figure/structure_treutlin_classtpx_theta_fix_3-1.png, id=173, 433.62pt x 722.7
pt>
File: figure/structure_treutlin_classtpx_theta_fix_3-1.png Graphic file (type p
ng)
 <use figure/structure_treutlin_classtpx_theta_fix_3-1.png>
Package pdftex.def Info: figure/structure_treutlin_classtpx_theta_fix_3-1.png u
sed on input line 673.
(pdftex.def)             Requested size: 216.80946pt x 361.3491pt.
 [16]
Package color Info: Redefining color shadecolor on input line 682.
Package color Info: Redefining color shadecolor on input line 691.
Package color Info: Redefining color shadecolor on input line 703.
Package color Info: Redefining color shadecolor on input line 711.
 [17 <./figure/structure_treutlin_classtpx_theta_fix_3-1.png>]
Package color Info: Redefining color shadecolor on input line 722.
Package color Info: Redefining color shadecolor on input line 744.
Package color Info: Redefining color shadecolor on input line 753.
Package color Info: Redefining color shadecolor on input line 770.
 [18]
<figure/structure_scialdone_classtpx_omega_fix_3-1.png, id=187, 433.62pt x 722.
7pt>
File: figure/structure_scialdone_classtpx_omega_fix_3-1.png Graphic file (type 
png)
 <use figure/structure_scialdone_classtpx_omega_fix_3-1.png>
Package pdftex.def Info: figure/structure_scialdone_classtpx_omega_fix_3-1.png 
used on input line 795.
(pdftex.def)             Requested size: 216.80946pt x 361.3491pt.
Package color Info: Redefining color shadecolor on input line 802.

Underfull \vbox (badness 4353) detected at line 815
 []

[19 <./figure/structure_scialdone_classtpx_omega_fix_3-1.png>]
Package color Info: Redefining color shadecolor on input line 819.

<figure/structure_scialdone_classtpx_theta_fix_3-1.png, id=194, 433.62pt x 722.
7pt>
File: figure/structure_scialdone_classtpx_theta_fix_3-1.png Graphic file (type 
png)
 <use figure/structure_scialdone_classtpx_theta_fix_3-1.png>
Package pdftex.def Info: figure/structure_scialdone_classtpx_theta_fix_3-1.png 
used on input line 844.
(pdftex.def)             Requested size: 216.80946pt x 361.3491pt.
 [20]
Package color Info: Redefining color shadecolor on input line 859.

Overfull \hbox (5.86626pt too wide) in paragraph at lines 861--861
[][]\OT1/cmtt/m/n/12 devtools[][]::[][]install_github[][]([][]"jhsiao999/single
CellRNASeqMouseBuettnerESC"[][],[] []force[][]=[][]TRUE[][])[][] 
 []

Package color Info: Redefining color shadecolor on input line 867.
[21 <./figure/structure_scialdone_classtpx_theta_fix_3-1.png>]
Package color Info: Redefining color shadecolor on input line 890.
Package color Info: Redefining color shadecolor on input line 909.

Overfull \hbox (6.6472pt too wide) in paragraph at lines 917--917
[][]\OT1/cmtt/m/n/12 mySymbols[] []<-[] []ortholog_buettner_human_ids;[] []\OT1
/cmtt/m/it/12 # mySymbols is a vector of MGI symbols.[][] 
 []


Overfull \hbox (12.04126pt too wide) in paragraph at lines 918--918
[][]\OT1/cmtt/m/n/12 gene_list_human[] []<-[] []getBM[][]([] []attributes[][]=[
][]c[][]([][]"ensembl_gene_id"[][],[] []"hgnc_symbol"[][]) ,[] []filters[][]=[]
[] 
 []

Package color Info: Redefining color shadecolor on input line 929.
[22]
Package color Info: Redefining color shadecolor on input line 948.
Package color Info: Redefining color shadecolor on input line 970.
Package color Info: Redefining color shadecolor on input line 980.
Package color Info: Redefining color shadecolor on input line 994.

Overfull \vbox (0.54364pt too high) detected at line 1026
 []

[23] <figure/structure_ortholog_maptpx-1.png, id=212, 433.62pt x 722.7pt>
File: figure/structure_ortholog_maptpx-1.png Graphic file (type png)

<use figure/structure_ortholog_maptpx-1.png>
Package pdftex.def Info: figure/structure_ortholog_maptpx-1.png used on input l
ine 1027.
(pdftex.def)             Requested size: 216.80946pt x 361.3491pt.
 [24 <./figure/structure_ortholog_maptpx-1.png>]
Package color Info: Redefining color shadecolor on input line 1036.
Package color Info: Redefining color shadecolor on input line 1045.
Package color Info: Redefining color shadecolor on input line 1062.

Underfull \vbox (badness 10000) detected at line 1093
 []

[25]
<figure/structure_ortholog_classtpx_omega_fix_3-1.png, id=223, 433.62pt x 722.7
pt>
File: figure/structure_ortholog_classtpx_omega_fix_3-1.png Graphic file (type p
ng)
 <use figure/structure_ortholog_classtpx_omega_fix_3-1.png>
Package pdftex.def Info: figure/structure_ortholog_classtpx_omega_fix_3-1.png u
sed on input line 1094.
(pdftex.def)             Requested size: 216.80946pt x 361.3491pt.
Package color Info: Redefining color shadecolor on input line 1099.
Package color Info: Redefining color shadecolor on input line 1116.

Underfull \vbox (badness 10000) detected at line 1147
 []

[26 <./figure/structure_ortholog_classtpx_omega_fix_3-1.png>]
<figure/structure_ortholog_classtpx_theta_fix_3-1.png, id=229, 433.62pt x 722.7
pt>
File: figure/structure_ortholog_classtpx_theta_fix_3-1.png Graphic file (type p
ng)
 <use figure/structure_ortholog_classtpx_theta_fix_3-1.png>
Package pdftex.def Info: figure/structure_ortholog_classtpx_theta_fix_3-1.png u
sed on input line 1148.
(pdftex.def)             Requested size: 216.80946pt x 361.3491pt.
 [27] [28 <./figure/structure_ortholog_classtpx_theta_fix_3-1.png>]
Package color Info: Redefining color shadecolor on input line 1180.
 [29]
Package atveryend Info: Empty hook `BeforeClearDocument' on input line 1230.
 [30]
Package atveryend Info: Empty hook `AfterLastShipout' on input line 1230.

(./classtpx-vignette.aux)
Package atveryend Info: Executing hook `AtVeryEndDocument' on input line 1230.
Package atveryend Info: Executing hook `AtEndAfterFileList' on input line 1230.

Package rerunfilecheck Info: File `classtpx-vignette.out' has not changed.
(rerunfilecheck)             Checksum: 521045DC4EDD664BB75D85AD9CA6E7FF;655.


LaTeX Font Warning: Some font shapes were not available, defaults substituted.

Package atveryend Info: Empty hook `AtVeryVeryEnd' on input line 1230.
 ) 
Here is how much of TeX's memory you used:
 7241 strings out of 493117
 108174 string characters out of 6135433
 211082 words of memory out of 5000000
 10545 multiletter control sequences out of 15000+600000
 13545 words of font info for 49 fonts, out of 8000000 for 9000
 1141 hyphenation exceptions out of 8191
 36i,12n,45p,1131b,438s stack positions out of 5000i,500n,10000p,200000b,80000s
</usr/local/texlive/2014/texmf-dist/fonts/type1/public/amsfonts/cm/cmex10.pfb
></usr/local/texlive/2014/texmf-dist/fonts/type1/public/amsfonts/cm/cmitt10.pfb
></usr/local/texlive/2014/texmf-dist/fonts/type1/public/amsfonts/cm/cmmi12.pfb>
</usr/local/texlive/2014/texmf-dist/fonts/type1/public/amsfonts/cm/cmmi8.pfb></
usr/local/texlive/2014/texmf-dist/fonts/type1/public/amsfonts/cm/cmr12.pfb></us
r/local/texlive/2014/texmf-dist/fonts/type1/public/amsfonts/cm/cmr8.pfb></usr/l
ocal/texlive/2014/texmf-dist/fonts/type1/public/amsfonts/cm/cmss10.pfb></usr/lo
cal/texlive/2014/texmf-dist/fonts/type1/public/amsfonts/cm/cmss12.pfb></usr/loc
al/texlive/2014/texmf-dist/fonts/type1/public/amsfonts/cm/cmss17.pfb></usr/loca
l/texlive/2014/texmf-dist/fonts/type1/public/amsfonts/cm/cmssbx10.pfb></usr/loc
al/texlive/2014/texmf-dist/fonts/type1/public/amsfonts/cm/cmssi10.pfb></usr/loc
al/texlive/2014/texmf-dist/fonts/type1/public/amsfonts/cm/cmssi12.pfb></usr/loc
al/texlive/2014/texmf-dist/fonts/type1/public/amsfonts/cm/cmssi17.pfb></usr/loc
al/texlive/2014/texmf-dist/fonts/type1/public/amsfonts/cm/cmsy10.pfb></usr/loca
l/texlive/2014/texmf-dist/fonts/type1/public/amsfonts/cm/cmsy8.pfb></usr/local/
texlive/2014/texmf-dist/fonts/type1/public/amsfonts/cm/cmtt10.pfb></usr/local/t
exlive/2014/texmf-dist/fonts/type1/public/amsfonts/cm/cmtt12.pfb>
Output written on classtpx-vignette.pdf (30 pages, 375914 bytes).
PDF statistics:
 320 PDF objects out of 1000 (max. 8388607)
 244 compressed objects within 3 object streams
 53 named destinations out of 1000 (max. 500000)
 149 words of extra memory for PDF output out of 10000 (max. 10000000)

